1618393193515:help
1618393200501:create-data
1618393244879:fetch all cars
1618393250875:help
1618393256878:find-all
1618393335498:help
1618393339480:find-all
1618393520060:help
1618393527057:find-by-vin
1618393556086:find-by-vin -vin square2
1618393568090:find-by-vin --vin square2
1618393577098:find-by-vin --vin squar3
1618393591117:find-by-vin --vin square3
1618393722221:help
1618393729223:deleteall
1618393741228:help
1618393750234:create-data
1618393760240:find-all
1618394570085:help
1618394574083:deleteall
1618394582080:help
1618394587084:create-data
1618394635115:]
1618394640120:help
1618394647124:find-all
1618394692256:help
1618394704259:create-data
1618394711264:find-all
1618394715265:delete-all
1618394947909:help
1618394953907:find-all
1618395016977:create-data
1618395022974:find-all
1618395029979:delete-all
1618395034983:find-all
1618395207239:help
1618395213204:find-all
1618397444270:help
1618397448266:find-all
1618397456270:create-data
1618397464270:find-all
1618397586412:help
1618397605434:find-by-query --query kl52D1
1618397930989:help
1618397945986:find-all
1618397976015:delete-all
1618397983018:create-data
1618398040411:delete-all
1618398048408:create-data
1618398053410:find-all
1618398091538:help
1618398120567:find-by-metas --metas circle,kl52D2
1618398190716:help
1618398230738:find-by-metas --metas kl52D1,demo
1618549018865:help
1618549024858:create-data
1618549030861:find-all
1618549057904:find-by-lat-lng --lat 1 --lng 3
1618550788863:help
1618550794862:find-all
1618550828889:find-by-lat-lng --lat 6.0 --lng 8.0
1618550839896:find-by-lat-lng --lat 6.0 --lng 6.0
1618550861906:find-all
1618551211929:help
1618551217924:find-all
1618551226832:find-by-lat-lng
1618551240843:find-by-lat-lng --lat 1.0 --lng 1.0
1618551254853:find-by-lat-lng --lat 1.0 --lng 1.0 stacktrace
1618551256854:stacktrace
1618551354360:find-by-lat-lng --lat 1.0 --lng 1.0
1618551360355:stacktrace
1618551573607:help
1618551589626:find-by-lat-lng --lat 1.0 --lng 1.0
1618553448016:help
1618553461075:find-by-lat-lng --lat 1.0 --lat 1.0
1618553469026:find-by-lat-lng --lat 1.0 --lng 1.0
1618553567348:stacktrace
1618553830194:help
1618553842207:find-by-lat-lng --lat 1.0 --lng 1.0
1618553860217:find-by-lat-lng --lat 1.0 --lng 2.0
1618553868216:find-by-lat-lng --lat 1.0 --lng 1.0
1618553873228:find-by-lat-lng --lat -1.0 --lng 1.0
1618553903245:find-by-lat-lng --lat -6.0 --lng 6.0
1618553917245:find-by-lat-lng --lat 6.0 --lng 6.0
1618555761857:help
1618555779657:find-by-lat-lng --lat 1.0 --lng 3.0
1618555817691:find-by-lat-lng --lat 5.0 --lng 3.0
1618562118258:find-all
1618570092766:help
1618570096758:find-all
1618570109772:find-license-by-id --id 6
1618570233829:find-all
